<?xml version="1.0" encoding="UTF-8"?>
<testng-results ignored="0" total="1" passed="1" failed="0" skipped="0">
  <reporter-output>
  </reporter-output>
  <suite started-at="2023-08-17T11:27:53 IST" name="Default suite" finished-at="2023-08-17T11:28:18 IST" duration-ms="25370">
    <groups>
      <group name="cucumber">
        <method signature="AbstractTestNGCucumberTests.runScenario(io.cucumber.testng.PickleWrapper,io.cucumber.testng.FeatureWrapper)[pri:0, instance:CucumberOption.TestNGTestRunnaer@3eb25e1a]" name="runScenario" class="io.cucumber.testng.AbstractTestNGCucumberTests"/>
      </group> <!-- cucumber -->
    </groups>
    <test started-at="2023-08-17T11:27:53 IST" name="Default test" finished-at="2023-08-17T11:28:18 IST" duration-ms="25370">
      <class name="CucumberOption.TestNGTestRunnaer">
        <test-method is-config="true" signature="setUpClass(org.testng.ITestContext)[pri:0, instance:CucumberOption.TestNGTestRunnaer@3eb25e1a]" started-at="2023-08-17T11:27:53 IST" name="setUpClass" finished-at="2023-08-17T11:27:53 IST" duration-ms="725" status="PASS">
          <params>
            <param index="0">
              <value>
                <![CDATA[org.testng.TestRunner@5c77ba8f]]>
              </value>
            </param>
          </params>
          <reporter-output>
          </reporter-output>
        </test-method> <!-- setUpClass -->
        <test-method signature="runScenario(io.cucumber.testng.PickleWrapper,io.cucumber.testng.FeatureWrapper)[pri:0, instance:CucumberOption.TestNGTestRunnaer@3eb25e1a]" started-at="2023-08-17T11:27:53 IST" name="runScenario" description="Runs Cucumber Scenarios" data-provider="scenarios" finished-at="2023-08-17T11:28:16 IST" duration-ms="22899" status="PASS">
          <params>
            <param index="0">
              <value>
                <![CDATA["Login with Valid Credential"]]>
              </value>
            </param>
            <param index="1">
              <value>
                <![CDATA["Gruru 99 application"]]>
              </value>
            </param>
          </params>
          <reporter-output>
          </reporter-output>
        </test-method> <!-- runScenario -->
        <test-method is-config="true" signature="tearDownClass()[pri:0, instance:CucumberOption.TestNGTestRunnaer@3eb25e1a]" started-at="2023-08-17T11:28:16 IST" name="tearDownClass" finished-at="2023-08-17T11:28:18 IST" duration-ms="1631" status="PASS">
          <reporter-output>
          </reporter-output>
        </test-method> <!-- tearDownClass -->
      </class> <!-- CucumberOption.TestNGTestRunnaer -->
    </test> <!-- Default test -->
  </suite> <!-- Default suite -->
</testng-results>
